<?xml version="1.0" encoding="UTF-8"?>
<testsuite xmlns:xsi="http://www.w3.org/2001/XMLSchema-instance" xsi:noNamespaceSchemaLocation="https://maven.apache.org/surefire/maven-surefire-plugin/xsd/surefire-test-report-3.0.xsd" version="3.0" name="my.first.migration.MainTest" time="0.216" tests="32" errors="0" skipped="0" failures="0">
  <properties>
[...]
</properties>
  <testcase name="testCreateWsRecordFromArgsWithNoArgs" classname="my.first.migration.MainTest" time="0.045"/>
  <testcase name="testReadRecordsFromFileWithInvalidFlag(Path)" classname="my.first.migration.MainTest" time="0.066"/>
  <testcase name="testPadToLengthWithNullInput" classname="my.first.migration.MainTest" time="0.001"/>
  <testcase name="testWsRecordSetFlag" classname="my.first.migration.MainTest" time="0.001"/>
  <testcase name="testPadToLengthWithNull" classname="my.first.migration.MainTest" time="0.001"/>
  <testcase name="testWsRecordSetFlagEnabled" classname="my.first.migration.MainTest" time="0.001"/>
  <testcase name="testWsRecordSetFlagDisabled" classname="my.first.migration.MainTest" time="0.001"/>
  <testcase name="testWsRecordToStringConsistency" classname="my.first.migration.MainTest" time="0.007"/>
  <testcase name="testPrettyJsonFormatConsistency" classname="my.first.migration.MainTest" time="0.001"/>
  <testcase name="testReadRecordsFromFileWithInvalidFormat(Path)" classname="my.first.migration.MainTest" time="0.004"/>
  <testcase name="testJsonGenerationLogic" classname="my.first.migration.MainTest" time="0.001"/>
  <testcase name="testMainMethodLogicWithoutSystemExit" classname="my.first.migration.MainTest" time="0.001"/>
  <testcase name="testReadRecordsFromFileWithLongName(Path)" classname="my.first.migration.MainTest" time="0.003"/>
  <testcase name="testReadRecordsFromFileWithLongDescription(Path)" classname="my.first.migration.MainTest" time="0.005"/>
  <testcase name="testReadRecordsFromFile(Path)" classname="my.first.migration.MainTest" time="0.004"/>
  <testcase name="testJsonTemplateFormat" classname="my.first.migration.MainTest" time="0.001"/>
  <testcase name="testPadToLength" classname="my.first.migration.MainTest" time="0.001"/>
  <testcase name="testOutputOptionParsing" classname="my.first.migration.MainTest" time="0.001"/>
  <testcase name="testGeneratePrettyJsonWithFalseFlag" classname="my.first.migration.MainTest" time="0.001"/>
  <testcase name="testWsRecordDefaultConstructor" classname="my.first.migration.MainTest" time="0"/>
  <testcase name="testComprehensivePadding" classname="my.first.migration.MainTest" time="0"/>
  <testcase name="testConstants" classname="my.first.migration.MainTest" time="0.001"/>
  <testcase name="testGenerateTimestamp" classname="my.first.migration.MainTest" time="0.001"/>
  <testcase name="testCreateWsRecordFromArgsAlwaysUsesDefaults" classname="my.first.migration.MainTest" time="0"/>
  <testcase name="testPadToLengthWithExactLength" classname="my.first.migration.MainTest" time="0.001"/>
  <testcase name="testWriteToFile(Path)" classname="my.first.migration.MainTest" time="0.003"/>
  <testcase name="testGeneratePrettyJson" classname="my.first.migration.MainTest" time="0"/>
  <testcase name="testArrayJsonGeneration" classname="my.first.migration.MainTest" time="0.001"/>
  <testcase name="testJsonGenerationDoesNotThrowException" classname="my.first.migration.MainTest" time="0.006"/>
  <testcase name="testWsRecordSettersAndGetters" classname="my.first.migration.MainTest" time="0.001"/>
  <testcase name="testReadRecordsFromFileWithEmptyLines(Path)" classname="my.first.migration.MainTest" time="0.003"/>
  <testcase name="testWsRecordGetDisplayString" classname="my.first.migration.MainTest" time="0.001"/>
</testsuite>